Error: API user token required. see http://rtweet.info/articles/auth.html for instructions
Error: API user token required. see http://rtweet.info/articles/auth.html for instructions
In addition: Warning message:
In yaml.load(readLines(con), error.label = error.label, ...) :
  an error occurred when handling type 'expr'; using default handler
Error in yaml.load(readLines(con), error.label = error.label, ...) : 
  (C:\Users\aelhabr\Documents\projects\twitterbot-ratio\config.yml) Could not evaluate expression: rtweet::get_token()
Calls: source ... eval -> <Anonymous> -> <Anonymous> -> yaml.load -> .Call
Execution halted
********************************************************************************
Started script at 2018-11-21 05:43:35.
Doing nothing...
Finished script at 2018-11-21 05:43:35.
********************************************************************************
args: default
********************************************************************************
Started script at 2018-11-21 05:45:09.
Doing nothing...
Finished script at 2018-11-21 05:45:09.
********************************************************************************
args: scrape
args: default
********************************************************************************
Started script at 2018-11-21 05:45:55.
Doing nothing...
Finished script at 2018-11-21 05:45:55.
********************************************************************************
args: scrape
args: scrape
********************************************************************************
Started script at 2018-11-21 05:46:49.

Getting timeline for "PFTCommenter" since last evaluated tweet: 1064745548081700864
Something went wrong when retrieving tweets for "PFTCommenter".

Getting timeline for "darrenrovell" since last evaluated tweet: 1064759419722846209
Something went wrong when retrieving tweets for "darrenrovell".

Getting timeline for "WhitlockJason" since last evaluated tweet: 1064743359367995393
Something went wrong when retrieving tweets for "WhitlockJason".

Getting timeline for "richarddeitsch" since last evaluated tweet: 1064757768475815936
Something went wrong when retrieving tweets for "richarddeitsch".

Getting timeline for "jemelehill" since last evaluated tweet: 1064765875008356352
Something went wrong when retrieving tweets for "jemelehill".
Finished script at 2018-11-21 05:46:52.
********************************************************************************
args: scrape
args: scrape
********************************************************************************
Started script at 2018-11-21 05:47:28.

Getting timeline for "PFTCommenter" since last evaluated tweet: 1064745548081700864
Something went wrong when retrieving tweets for "PFTCommenter".

Getting timeline for "darrenrovell" since last evaluated tweet: 1064759419722846209
Something went wrong when retrieving tweets for "darrenrovell".

Getting timeline for "WhitlockJason" since last evaluated tweet: 1064743359367995393
Something went wrong when retrieving tweets for "WhitlockJason".

Getting timeline for "richarddeitsch" since last evaluated tweet: 1064757768475815936
Something went wrong when retrieving tweets for "richarddeitsch".

Getting timeline for "jemelehill" since last evaluated tweet: 1064765875008356352
Something went wrong when retrieving tweets for "jemelehill".
Finished script at 2018-11-21 05:47:31.
********************************************************************************
